Using pre-set license
Built from '2022.3/staging' branch; Version is '2022.3.10f1 (ff3792e53c62) revision 16725906'; Using compiler version '192829333'; Build Type 'Release'
OS: 'Windows 11  (10.0.22621) 64bit CoreSingleLanguage' Language: 'en' Physical Memory: 16209 MB
BatchMode: 1, IsHumanControllingUs: 0, StartBugReporterOnCrash: 0, Is64bit: 1, IsPro: 1

COMMAND LINE ARGUMENTS:
C:\Program Files\Unity\Hub\Editor\2022.3.10f1\Editor\Unity.exe
-adb2
-batchMode
-noUpm
-name
AssetImportWorker1
-projectPath
D:/hw/game
-logFile
Logs/AssetImportWorker1.log
-srvPort
49380
Successfully changed project path to: D:/hw/game
D:/hw/game
[UnityMemory] Configuration Parameters - Can be set up in boot.config
    "memorysetup-bucket-allocator-granularity=16"
    "memorysetup-bucket-allocator-bucket-count=8"
    "memorysetup-bucket-allocator-block-size=33554432"
    "memorysetup-bucket-allocator-block-count=8"
    "memorysetup-main-allocator-block-size=16777216"
    "memorysetup-thread-allocator-block-size=16777216"
    "memorysetup-gfx-main-allocator-block-size=16777216"
    "memorysetup-gfx-thread-allocator-block-size=16777216"
    "memorysetup-cache-allocator-block-size=4194304"
    "memorysetup-typetree-allocator-block-size=2097152"
    "memorysetup-profiler-bucket-allocator-granularity=16"
    "memorysetup-profiler-bucket-allocator-bucket-count=8"
    "memorysetup-profiler-bucket-allocator-block-size=33554432"
    "memorysetup-profiler-bucket-allocator-block-count=8"
    "memorysetup-profiler-allocator-block-size=16777216"
    "memorysetup-profiler-editor-allocator-block-size=1048576"
    "memorysetup-temp-allocator-size-main=16777216"
    "memorysetup-job-temp-allocator-block-size=2097152"
    "memorysetup-job-temp-allocator-block-size-background=1048576"
    "memorysetup-job-temp-allocator-reduction-small-platforms=262144"
    "memorysetup-allocator-temp-initial-block-size-main=262144"
    "memorysetup-allocator-temp-initial-block-size-worker=262144"
    "memorysetup-temp-allocator-size-background-worker=32768"
    "memorysetup-temp-allocator-size-job-worker=262144"
    "memorysetup-temp-allocator-size-preload-manager=33554432"
    "memorysetup-temp-allocator-size-nav-mesh-worker=65536"
    "memorysetup-temp-allocator-size-audio-worker=65536"
    "memorysetup-temp-allocator-size-cloud-worker=32768"
    "memorysetup-temp-allocator-size-gi-baking-worker=262144"
    "memorysetup-temp-allocator-size-gfx=262144"
Player connection [11312] Host "[IP] 192.168.0.141 [Port] 0 [Flags] 2 [Guid] 2196943174 [EditorId] 2196943174 [Version] 1048832 [Id] WindowsEditor(7,DESKTOP-KKQNH7B) [Debug] 1 [PackageName] WindowsEditor [ProjectName] Editor" joined multi-casting on [225.0.0.222:54997]...

Player connection [11312] Host "[IP] 192.168.0.141 [Port] 0 [Flags] 2 [Guid] 2196943174 [EditorId] 2196943174 [Version] 1048832 [Id] WindowsEditor(7,DESKTOP-KKQNH7B) [Debug] 1 [PackageName] WindowsEditor [ProjectName] Editor" joined alternative multi-casting on [225.0.0.222:34997]...

[Physics::Module] Initialized MultithreadedJobDispatcher with 7 workers.
Refreshing native plugins compatible for Editor in 38.09 ms, found 4 plugins.
Preloading 0 native plugins for Editor in 0.00 ms.
Initialize engine version: 2022.3.10f1 (ff3792e53c62)
[Subsystems] Discovering subsystems at path C:/Program Files/Unity/Hub/Editor/2022.3.10f1/Editor/Data/Resources/UnitySubsystems
[Subsystems] Discovering subsystems at path D:/hw/game/Assets
GfxDevice: creating device client; threaded=0; jobified=0
Direct3D:
    Version:  Direct3D 11.0 [level 11.1]
    Renderer: NVIDIA GeForce GTX 1050 (ID=0x1c8d)
    Vendor:   NVIDIA
    VRAM:     4018 MB
    Driver:   31.0.15.3742
Initialize mono
Mono path[0] = 'C:/Program Files/Unity/Hub/Editor/2022.3.10f1/Editor/Data/Managed'
Mono path[1] = 'C:/Program Files/Unity/Hub/Editor/2022.3.10f1/Editor/Data/MonoBleedingEdge/lib/mono/unityjit-win32'
Mono config path = 'C:/Program Files/Unity/Hub/Editor/2022.3.10f1/Editor/Data/MonoBleedingEdge/etc'
Using monoOptions --debugger-agent=transport=dt_socket,embedding=1,server=y,suspend=n,address=127.0.0.1:56852
Begin MonoManager ReloadAssembly
Registering precompiled unity dll's ...
Register platform support module: C:/Program Files/Unity/Hub/Editor/2022.3.10f1/Editor/Data/PlaybackEngines/WindowsStandaloneSupport/UnityEditor.WindowsStandalone.Extensions.dll
Registered in 0.015587 seconds.
- Loaded All Assemblies, in  0.616 seconds
Native extension for WindowsStandalone target not found
Mono: successfully reloaded assembly
- Finished resetting the current domain, in  0.396 seconds
Domain Reload Profiling: 1008ms
	BeginReloadAssembly (216ms)
		ExecutionOrderSort (0ms)
		DisableScriptedObjects (0ms)
		BackupInstance (0ms)
		ReleaseScriptingObjects (0ms)
		CreateAndSetChildDomain (2ms)
	RebuildCommonClasses (55ms)
	RebuildNativeTypeToScriptingClass (18ms)
	initialDomainReloadingComplete (96ms)
	LoadAllAssembliesAndSetupDomain (226ms)
		LoadAssemblies (211ms)
		RebuildTransferFunctionScriptingTraits (0ms)
		AnalyzeDomain (222ms)
			TypeCache.Refresh (221ms)
				TypeCache.ScanAssembly (203ms)
			ScanForSourceGeneratedMonoScriptInfo (0ms)
			ResolveRequiredComponents (1ms)
	FinalizeReload (397ms)
		ReleaseScriptCaches (0ms)
		RebuildScriptCaches (0ms)
		SetupLoadedEditorAssemblies (306ms)
			LogAssemblyErrors (0ms)
			InitializePlatformSupportModulesInManaged (15ms)
			SetLoadedEditorAssemblies (10ms)
			RefreshPlugins (0ms)
			BeforeProcessingInitializeOnLoad (3ms)
			ProcessInitializeOnLoadAttributes (197ms)
			ProcessInitializeOnLoadMethodAttributes (81ms)
			AfterProcessingInitializeOnLoad (0ms)
			EditorAssembliesLoaded (0ms)
		ExecutionOrderSort2 (0ms)
		AwakeInstancesAfterBackupRestoration (0ms)
========================================================================
Worker process is ready to serve import requests
Begin MonoManager ReloadAssembly
Symbol file LoadedFromMemory is not a mono symbol file
- Loaded All Assemblies, in  1.050 seconds
Refreshing native plugins compatible for Editor in 10.58 ms, found 4 plugins.
Native extension for WindowsStandalone target not found
Package Manager log level set to [2]
[Package Manager] Server::EnsureServerProcessIsRunning -- launch failed, reason: Unity was launched with the -noUpm command-line argument
[Package Manager] UpmClient::Send -- Unable to send message (not connected to UPM process).
[Package Manager] Cannot connect to Unity Package Manager local server
Mono: successfully reloaded assembly
- Finished resetting the current domain, in  1.068 seconds
Domain Reload Profiling: 2113ms
	BeginReloadAssembly (231ms)
		ExecutionOrderSort (0ms)
		DisableScriptedObjects (9ms)
		BackupInstance (0ms)
		ReleaseScriptingObjects (0ms)
		CreateAndSetChildDomain (27ms)
	RebuildCommonClasses (48ms)
	RebuildNativeTypeToScriptingClass (14ms)
	initialDomainReloadingComplete (59ms)
	LoadAllAssembliesAndSetupDomain (694ms)
		LoadAssemblies (535ms)
		RebuildTransferFunctionScriptingTraits (0ms)
		AnalyzeDomain (298ms)
			TypeCache.Refresh (245ms)
				TypeCache.ScanAssembly (215ms)
			ScanForSourceGeneratedMonoScriptInfo (44ms)
			ResolveRequiredComponents (6ms)
	FinalizeReload (1068ms)
		ReleaseScriptCaches (0ms)
		RebuildScriptCaches (0ms)
		SetupLoadedEditorAssemblies (835ms)
			LogAssemblyErrors (0ms)
			InitializePlatformSupportModulesInManaged (9ms)
			SetLoadedEditorAssemblies (8ms)
			RefreshPlugins (0ms)
			BeforeProcessingInitializeOnLoad (115ms)
			ProcessInitializeOnLoadAttributes (446ms)
			ProcessInitializeOnLoadMethodAttributes (244ms)
			AfterProcessingInitializeOnLoad (13ms)
			EditorAssembliesLoaded (0ms)
		ExecutionOrderSort2 (0ms)
		AwakeInstancesAfterBackupRestoration (8ms)
Launched and connected shader compiler UnityShaderCompiler.exe after 0.08 seconds
Refreshing native plugins compatible for Editor in 10.86 ms, found 4 plugins.
Preloading 0 native plugins for Editor in 0.00 ms.
Unloading 5036 Unused Serialized files (Serialized files now loaded: 0)
Unloading 100 unused Assets / (214.6 KB). Loaded Objects now: 5465.
Memory consumption went from 157.5 MB to 157.3 MB.
Total: 8.101600 ms (FindLiveObjects: 0.380800 ms CreateObjectMapping: 0.426500 ms MarkObjects: 7.069500 ms  DeleteObjects: 0.223200 ms)

AssetImportParameters requested are different than current active one (requested -> active):
  custom:container-demuxer-ogg: 62fdf1f143b41e24485cea50d1cbac27 -> 
  custom:video-codec-MediaFoundation-h265: 746d11721c4dcdbdad8f713fa42b33f4 -> 
  custom:video-decoder-ogg-theora: a1e56fd34408186e4bbccfd4996cb3dc -> 
  custom:framework-win-MediaFoundation: 216162199b28c13a410421893ffa2e32 -> 
  custom:container-demuxer-webm: 4f35f7cbe854078d1ac9338744f61a02 -> 
  custom:container-muxer-webm: aa71ff27fc2769a1b78a27578f13a17b -> 
  custom:video-decoder-webm-vp8: 9c59270c3fd7afecdb556c50c9e8de78 -> 
  custom:AudioImporter_EditorPlatform: d09bf68614088b80899f8185d706f6e7 -> 
  custom:video-encoder-webm-vp8: eb34c28f22e8b96e1ab97ce403110664 -> 
  custom:audio-decoder-ogg-vorbis: bf7c407c2cedff20999df2af8eb42d56 -> 
  custom:audio-encoder-webm-vorbis: bf7c407c2cedff20999df2af8eb42d56 -> 
========================================================================
Received Import Request.
  Time since last request: 198631.982895 seconds.
  path: Assets/Scenes/lv1.unity
  artifactKey: Guid(67762c44a9c56f242bff8b9a6d0e4bc2) Importer(815301076,1909f56bfc062723c751e8b465ee728b)
Start importing Assets/Scenes/lv1.unity using Guid(67762c44a9c56f242bff8b9a6d0e4bc2) Importer(815301076,1909f56bfc062723c751e8b465ee728b)  -> (artifact id: '44fdaba68b9795ed89b700c5fbb2a615') in 0.002148 seconds
Number of updated asset objects reloaded before import = 0
Number of asset objects unloaded after import = 0
========================================================================
Received Prepare
Refreshing native plugins compatible for Editor in 9.09 ms, found 4 plugins.
Preloading 0 native plugins for Editor in 0.00 ms.
Unloading 5 Unused Serialized files (Serialized files now loaded: 0)
Unloading 6 unused Assets / (147.9 KB). Loaded Objects now: 5465.
Memory consumption went from 77.9 MB to 77.7 MB.
Total: 8.651700 ms (FindLiveObjects: 0.380800 ms CreateObjectMapping: 0.396400 ms MarkObjects: 7.749700 ms  DeleteObjects: 0.123700 ms)

Prepare: number of updated asset objects reloaded= 0
AssetImportParameters requested are different than current active one (requested -> active):
  custom:container-demuxer-ogg: 62fdf1f143b41e24485cea50d1cbac27 -> 
  custom:video-codec-MediaFoundation-h265: 746d11721c4dcdbdad8f713fa42b33f4 -> 
  custom:video-decoder-ogg-theora: a1e56fd34408186e4bbccfd4996cb3dc -> 
  custom:framework-win-MediaFoundation: 216162199b28c13a410421893ffa2e32 -> 
  custom:CustomObjectIndexerAttribute: 756ad292c208cfabdd7b50bc23989ffe -> 
  custom:container-demuxer-webm: 4f35f7cbe854078d1ac9338744f61a02 -> 
  custom:container-muxer-webm: aa71ff27fc2769a1b78a27578f13a17b -> 
  custom:video-decoder-webm-vp8: 9c59270c3fd7afecdb556c50c9e8de78 -> 
  custom:SearchIndexIgnoredProperties: e643bd26f0fe6173181afceb89e7c659 -> 
  custom:AudioImporter_EditorPlatform: d09bf68614088b80899f8185d706f6e7 -> 
  custom:video-encoder-webm-vp8: eb34c28f22e8b96e1ab97ce403110664 -> 
  custom:audio-decoder-ogg-vorbis: bf7c407c2cedff20999df2af8eb42d56 -> 
  custom:audio-encoder-webm-vorbis: bf7c407c2cedff20999df2af8eb42d56 -> 
========================================================================
Received Import Request.
  Time since last request: 184.477189 seconds.
  path: Assets/tileasset/door_0.asset
  artifactKey: Guid(af21cea7088e5464caad1640a04ab94b) Importer(815301076,1909f56bfc062723c751e8b465ee728b)
Start importing Assets/tileasset/door_0.asset using Guid(af21cea7088e5464caad1640a04ab94b) Importer(815301076,1909f56bfc062723c751e8b465ee728b)  -> (artifact id: '2bcea26befe78af0afbe3ee2d495ed06') in 0.097448 seconds
Number of updated asset objects reloaded before import = 0
Number of asset objects unloaded after import = 3
========================================================================
Received Import Request.
  Time since last request: 0.000026 seconds.
  path: Assets/tileasset/door_5.asset
  artifactKey: Guid(de30120798657aa44bcfa2346f4b01c1) Importer(815301076,1909f56bfc062723c751e8b465ee728b)
Start importing Assets/tileasset/door_5.asset using Guid(de30120798657aa44bcfa2346f4b01c1) Importer(815301076,1909f56bfc062723c751e8b465ee728b)  -> (artifact id: '1df09ab405195afd91dd02de21472473') in 0.006533 seconds
Number of updated asset objects reloaded before import = 0
Number of asset objects unloaded after import = 3
========================================================================
Received Import Request.
  Time since last request: 0.000030 seconds.
  path: Assets/tileasset/door_1.asset
  artifactKey: Guid(f1ab9a10a1c40de47b0b0617936e5eed) Importer(815301076,1909f56bfc062723c751e8b465ee728b)
Start importing Assets/tileasset/door_1.asset using Guid(f1ab9a10a1c40de47b0b0617936e5eed) Importer(815301076,1909f56bfc062723c751e8b465ee728b)  -> (artifact id: '14cb3ab1b8ea2c4f107771d9bdc450c4') in 0.007025 seconds
Number of updated asset objects reloaded before import = 0
Number of asset objects unloaded after import = 3
========================================================================
Received Import Request.
  Time since last request: 0.000016 seconds.
  path: Assets/tileasset/door_6.asset
  artifactKey: Guid(344b79070e251454b880933505c129cc) Importer(815301076,1909f56bfc062723c751e8b465ee728b)
Start importing Assets/tileasset/door_6.asset using Guid(344b79070e251454b880933505c129cc) Importer(815301076,1909f56bfc062723c751e8b465ee728b)  -> (artifact id: '03a1869ef0de42a351442d900b25ab9b') in 0.007653 seconds
Number of updated asset objects reloaded before import = 0
Number of asset objects unloaded after import = 3
========================================================================
Received Import Request.
  Time since last request: 0.000025 seconds.
  path: Assets/tileasset/door_7.asset
  artifactKey: Guid(bb920d363dcbe8d41a317dc7f6962ecd) Importer(815301076,1909f56bfc062723c751e8b465ee728b)
Start importing Assets/tileasset/door_7.asset using Guid(bb920d363dcbe8d41a317dc7f6962ecd) Importer(815301076,1909f56bfc062723c751e8b465ee728b)  -> (artifact id: '82a4dd75a9cfb44fa10c48c72fd78659') in 0.007687 seconds
Number of updated asset objects reloaded before import = 0
Number of asset objects unloaded after import = 3
========================================================================
Received Import Request.
  Time since last request: 0.000021 seconds.
  path: Assets/tileasset/image2_4.asset
  artifactKey: Guid(f7b0781937cf1b740b31e71a1f530e75) Importer(815301076,1909f56bfc062723c751e8b465ee728b)
Start importing Assets/tileasset/image2_4.asset using Guid(f7b0781937cf1b740b31e71a1f530e75) Importer(815301076,1909f56bfc062723c751e8b465ee728b)  -> (artifact id: 'a490a47c133eff5c81aa419522f2c749') in 0.006780 seconds
Number of updated asset objects reloaded before import = 0
Number of asset objects unloaded after import = 3
========================================================================
Received Import Request.
  Time since last request: 0.000021 seconds.
  path: Assets/tileasset/image2_0.asset
  artifactKey: Guid(c7837288ad821764ca988210ee16028c) Importer(815301076,1909f56bfc062723c751e8b465ee728b)
Start importing Assets/tileasset/image2_0.asset using Guid(c7837288ad821764ca988210ee16028c) Importer(815301076,1909f56bfc062723c751e8b465ee728b)  -> (artifact id: '4a23a8333f56c43c912b4e62c0c95516') in 0.006344 seconds
Number of updated asset objects reloaded before import = 0
Number of asset objects unloaded after import = 3
========================================================================
Received Import Request.
  Time since last request: 0.000019 seconds.
  path: Assets/tileasset/image2_2.asset
  artifactKey: Guid(b5b8828cbc6e03043abebcc689e22d96) Importer(815301076,1909f56bfc062723c751e8b465ee728b)
Start importing Assets/tileasset/image2_2.asset using Guid(b5b8828cbc6e03043abebcc689e22d96) Importer(815301076,1909f56bfc062723c751e8b465ee728b)  -> (artifact id: '08011ed7544ef9664e64a3813e61064e') in 0.284891 seconds
Number of updated asset objects reloaded before import = 0
Number of asset objects unloaded after import = 3
========================================================================
Received Import Request.
  Time since last request: 0.000024 seconds.
  path: Assets/tileasset/image2.png
  artifactKey: Guid(f7c2f9724655309459e32c460c2be99d) Importer(815301076,1909f56bfc062723c751e8b465ee728b)
Start importing Assets/tileasset/image2.png using Guid(f7c2f9724655309459e32c460c2be99d) Importer(815301076,1909f56bfc062723c751e8b465ee728b)  -> (artifact id: 'ccd02fa22675c1c70e3bcb0a974947e1') in 0.149013 seconds
Number of updated asset objects reloaded before import = 0
Number of asset objects unloaded after import = 11
========================================================================
Received Import Request.
  Time since last request: 0.000028 seconds.
  path: Assets/tileasset/image2_3.asset
  artifactKey: Guid(e806968f7408e4b4d96e021a5db440c6) Importer(815301076,1909f56bfc062723c751e8b465ee728b)
Start importing Assets/tileasset/image2_3.asset using Guid(e806968f7408e4b4d96e021a5db440c6) Importer(815301076,1909f56bfc062723c751e8b465ee728b)  -> (artifact id: '56af74b031a62ddfcf9a1b8ea58e32cc') in 0.009691 seconds
Number of updated asset objects reloaded before import = 0
Number of asset objects unloaded after import = 3
========================================================================
Received Import Request.
  Time since last request: 979.681843 seconds.
  path: Assets/tilepalette/image2_0.asset
  artifactKey: Guid(f370c31c0ae05474a9b6bef81d891502) Importer(815301076,1909f56bfc062723c751e8b465ee728b)
Start importing Assets/tilepalette/image2_0.asset using Guid(f370c31c0ae05474a9b6bef81d891502) Importer(815301076,1909f56bfc062723c751e8b465ee728b)  -> (artifact id: '004287795afa2b93f821c627dd5d0974') in 0.026828 seconds
Number of updated asset objects reloaded before import = 0
Number of asset objects unloaded after import = 3
========================================================================
Received Import Request.
  Time since last request: 0.000034 seconds.
  path: Assets/tilepalette/image2_5.asset
  artifactKey: Guid(5199df0e802c5eb4f8950113f7401e92) Importer(815301076,1909f56bfc062723c751e8b465ee728b)
Start importing Assets/tilepalette/image2_5.asset using Guid(5199df0e802c5eb4f8950113f7401e92) Importer(815301076,1909f56bfc062723c751e8b465ee728b)  -> (artifact id: '03ac0980bf4041f36561ace264322e3c') in 0.010872 seconds
Number of updated asset objects reloaded before import = 0
Number of asset objects unloaded after import = 3
========================================================================
Received Import Request.
  Time since last request: 0.000044 seconds.
  path: Assets/tilepalette/image2_4.asset
  artifactKey: Guid(6d99c5746f3d1ed4d86d9c871121532e) Importer(815301076,1909f56bfc062723c751e8b465ee728b)
Start importing Assets/tilepalette/image2_4.asset using Guid(6d99c5746f3d1ed4d86d9c871121532e) Importer(815301076,1909f56bfc062723c751e8b465ee728b)  -> (artifact id: '5631b88ac559c9d6291b8eb11ebe87d6') in 0.005607 seconds
Number of updated asset objects reloaded before import = 0
Number of asset objects unloaded after import = 3
========================================================================
Received Import Request.
  Time since last request: 0.000017 seconds.
  path: Assets/tilepalette/image2_1.asset
  artifactKey: Guid(47c0e9d35b2950b4fbefb3014a1f133c) Importer(815301076,1909f56bfc062723c751e8b465ee728b)
Start importing Assets/tilepalette/image2_1.asset using Guid(47c0e9d35b2950b4fbefb3014a1f133c) Importer(815301076,1909f56bfc062723c751e8b465ee728b)  -> (artifact id: 'b42f2b461d15bb0202fe5e089151f604') in 0.007052 seconds
Number of updated asset objects reloaded before import = 0
Number of asset objects unloaded after import = 3
========================================================================
Received Import Request.
  Time since last request: 0.000023 seconds.
  path: Assets/tilepalette/image2_8.asset
  artifactKey: Guid(6360af5f5abc6864ba7ed8d457927e22) Importer(815301076,1909f56bfc062723c751e8b465ee728b)
Start importing Assets/tilepalette/image2_8.asset using Guid(6360af5f5abc6864ba7ed8d457927e22) Importer(815301076,1909f56bfc062723c751e8b465ee728b)  -> (artifact id: 'c92c24e2a84734470e3aeba7d72d40de') in 0.029412 seconds
Number of updated asset objects reloaded before import = 0
Number of asset objects unloaded after import = 3
========================================================================
Received Import Request.
  Time since last request: 0.000028 seconds.
  path: Assets/tilepalette/image2_3.asset
  artifactKey: Guid(b05289308e1a9b74b847f5e7f524061d) Importer(815301076,1909f56bfc062723c751e8b465ee728b)
Start importing Assets/tilepalette/image2_3.asset using Guid(b05289308e1a9b74b847f5e7f524061d) Importer(815301076,1909f56bfc062723c751e8b465ee728b)  -> (artifact id: '7ab3c12fa26b592924020600f871c983') in 0.006337 seconds
Number of updated asset objects reloaded before import = 0
Number of asset objects unloaded after import = 3
========================================================================
Received Import Request.
  Time since last request: 0.000024 seconds.
  path: Assets/tilepalette/image2_7.asset
  artifactKey: Guid(6a4c0518a904af0438d7e1146755e2f5) Importer(815301076,1909f56bfc062723c751e8b465ee728b)
Start importing Assets/tilepalette/image2_7.asset using Guid(6a4c0518a904af0438d7e1146755e2f5) Importer(815301076,1909f56bfc062723c751e8b465ee728b)  -> (artifact id: '47cebb75f5096be8de4b01fe51ba5dea') in 0.007075 seconds
Number of updated asset objects reloaded before import = 0
Number of asset objects unloaded after import = 3
========================================================================
Received Import Request.
  Time since last request: 64.830678 seconds.
  path: Packages/com.unity.purchasing/Icons/UnityEngine.Purchasing.IAPButtonIcon.png
  artifactKey: Guid(55e457740fe60405dac77af143e1a867) Importer(815301076,1909f56bfc062723c751e8b465ee728b)
Start importing Packages/com.unity.purchasing/Icons/UnityEngine.Purchasing.IAPButtonIcon.png using Guid(55e457740fe60405dac77af143e1a867) Importer(815301076,1909f56bfc062723c751e8b465ee728b)  -> (artifact id: '414b503fe6000a0d52c32d5bb5615d0f') in 0.020880 seconds
Number of updated asset objects reloaded before import = 0
Number of asset objects unloaded after import = 2
========================================================================
Received Prepare
Begin MonoManager ReloadAssembly
- Loaded All Assemblies, in  0.336 seconds
Refreshing native plugins compatible for Editor in 3.72 ms, found 0 plugins.
Native extension for WindowsStandalone target not found
Mono: successfully reloaded assembly
- Finished resetting the current domain, in  0.421 seconds
Domain Reload Profiling: 756ms
	BeginReloadAssembly (233ms)
		ExecutionOrderSort (0ms)
		DisableScriptedObjects (18ms)
		BackupInstance (0ms)
		ReleaseScriptingObjects (0ms)
		CreateAndSetChildDomain (75ms)
	RebuildCommonClasses (36ms)
	RebuildNativeTypeToScriptingClass (12ms)
	initialDomainReloadingComplete (37ms)
	LoadAllAssembliesAndSetupDomain (16ms)
		LoadAssemblies (106ms)
		RebuildTransferFunctionScriptingTraits (0ms)
		AnalyzeDomain (12ms)
			TypeCache.Refresh (9ms)
				TypeCache.ScanAssembly (0ms)
			ScanForSourceGeneratedMonoScriptInfo (1ms)
			ResolveRequiredComponents (1ms)
	FinalizeReload (422ms)
		ReleaseScriptCaches (0ms)
		RebuildScriptCaches (0ms)
		SetupLoadedEditorAssemblies (274ms)
			LogAssemblyErrors (0ms)
			InitializePlatformSupportModulesInManaged (8ms)
			SetLoadedEditorAssemblies (6ms)
			RefreshPlugins (0ms)
			BeforeProcessingInitializeOnLoad (91ms)
			ProcessInitializeOnLoadAttributes (133ms)
			ProcessInitializeOnLoadMethodAttributes (25ms)
			AfterProcessingInitializeOnLoad (11ms)
			EditorAssembliesLoaded (0ms)
		ExecutionOrderSort2 (0ms)
		AwakeInstancesAfterBackupRestoration (8ms)
Refreshing native plugins compatible for Editor in 5.11 ms, found 0 plugins.
Preloading 0 native plugins for Editor in 0.00 ms.
Unloading 0 Unused Serialized files (Serialized files now loaded: 0)
Unloading 2362 unused Assets / (1.3 MB). Loaded Objects now: 3111.
Memory consumption went from 68.9 MB to 67.6 MB.
Total: 7.300200 ms (FindLiveObjects: 0.481800 ms CreateObjectMapping: 0.450500 ms MarkObjects: 2.790800 ms  DeleteObjects: 3.575900 ms)

Prepare: number of updated asset objects reloaded= 1
AssetImportParameters requested are different than current active one (requested -> active):
  custom:container-demuxer-ogg: 62fdf1f143b41e24485cea50d1cbac27 -> 
  custom:video-codec-MediaFoundation-h265: 746d11721c4dcdbdad8f713fa42b33f4 -> 
  custom:video-decoder-ogg-theora: a1e56fd34408186e4bbccfd4996cb3dc -> 
  custom:framework-win-MediaFoundation: 216162199b28c13a410421893ffa2e32 -> 
  custom:CustomObjectIndexerAttribute: 756ad292c208cfabdd7b50bc23989ffe -> 
  custom:container-demuxer-webm: 4f35f7cbe854078d1ac9338744f61a02 -> 
  custom:container-muxer-webm: aa71ff27fc2769a1b78a27578f13a17b -> 
  custom:video-decoder-webm-vp8: 9c59270c3fd7afecdb556c50c9e8de78 -> 
  custom:SearchIndexIgnoredProperties: e643bd26f0fe6173181afceb89e7c659 -> 
  custom:AudioImporter_EditorPlatform: d09bf68614088b80899f8185d706f6e7 -> 
  custom:video-encoder-webm-vp8: eb34c28f22e8b96e1ab97ce403110664 -> 
  custom:audio-decoder-ogg-vorbis: bf7c407c2cedff20999df2af8eb42d56 -> 
  custom:audio-encoder-webm-vorbis: bf7c407c2cedff20999df2af8eb42d56 -> 
